<?xml version="1.0" encoding="UTF-8"?>
<!-- Generated by org.testng.reporters.JUnitXMLReporter -->
<testsuite hostname="WKWIN6900800" ignored="0" name="Test" tests="3" failures="1" timestamp="13 Jun 2019 10:14:10 GMT" time="51.069" errors="0">
  <testcase name="validlogin" time="13.492" classname="com.online.banking.testcases.LoginPagevalidation"/>
  <testcase name="invalidLogin" time="5.159" classname="com.online.banking.testcases.InValidLoginValidation"/>
  <testcase name="bankinghomevalidation" time="13.409" classname="com.online.banking.testcases.AccountHomePageValidation">
    <failure type="org.openqa.selenium.NoSuchSessionException" message="Session ID is null. Using WebDriver after calling quit()?
Build info: version: &amp;apos;3.141.59&amp;apos;, revision: &amp;apos;e82be7d358&amp;apos;, time: &amp;apos;2018-11-14T08:17:03&amp;apos;
System info: host: &amp;apos;WKWIN6900800&amp;apos;, ip: &amp;apos;10.150.120.67&amp;apos;, os.name: &amp;apos;Windows 7&amp;apos;, os.arch: &amp;apos;amd64&amp;apos;, os.version: &amp;apos;6.1&amp;apos;, java.version: &amp;apos;1.8.0_71&amp;apos;
Driver info: driver.version: RemoteWebDriver">
      <![CDATA[org.openqa.selenium.NoSuchSessionException: Session ID is null. Using WebDriver after calling quit()?
Build info: version: '3.141.59', revision: 'e82be7d358', time: '2018-11-14T08:17:03'
System info: host: 'WKWIN6900800', ip: '10.150.120.67', os.name: 'Windows 7', os.arch: 'amd64', os.version: '6.1', java.version: '1.8.0_71'
Driver info: driver.version: RemoteWebDriver
at org.openqa.selenium.remote.HttpCommandExecutor.execute(HttpCommandExecutor.java:125)
at org.openqa.selenium.remote.service.DriverCommandExecutor.execute(DriverCommandExecutor.java:83)
at org.openqa.selenium.remote.RemoteWebDriver.execute(RemoteWebDriver.java:552)
at org.openqa.selenium.remote.RemoteWebDriver.execute(RemoteWebDriver.java:609)
at org.openqa.selenium.remote.RemoteWebDriver.getTitle(RemoteWebDriver.java:281)
at com.online.banking.pages.LoginPage.loginSuccessValidation(LoginPage.java:62)
at com.online.banking.testcases.LoginPagevalidation.validlogin(LoginPagevalidation.java:34)
at com.online.banking.testcases.AccountHomePageValidation.bankinghomevalidation(AccountHomePageValidation.java:20)
... Removed 25 stack frames]]>
    </failure>
  </testcase> <!-- bankinghomevalidation -->
</testsuite> <!-- Test -->
