<?xml version="1.0" encoding="UTF-8"?>
<!-- Generated by org.testng.reporters.JUnitXMLReporter -->
<testsuite hostname="WKWIN6900800" ignored="0" name="Chrome Test" tests="2" failures="2" timestamp="11 Jun 2019 08:59:47 GMT" time="10.719" errors="0">
  <testcase name="takeScreenshot" time="0.005" classname="com.utility.TestScreenshot">
    <failure type="java.lang.AssertionError" message="expected [true] but found [false]">
      <![CDATA[java.lang.AssertionError: expected [true] but found [false]
at com.utility.TestScreenshot.takeScreenshot(TestScreenshot.java:27)
... Removed 29 stack frames]]>
    </failure>
  </testcase> <!-- takeScreenshot -->
  <testcase name="takeScreenshot1" time="0.002" classname="com.utility.TestScreenshot">
    <failure type="java.lang.AssertionError" message="expected [true] but found [false]">
      <![CDATA[java.lang.AssertionError: expected [true] but found [false]
at com.utility.TestScreenshot.takeScreenshot1(TestScreenshot.java:33)
... Removed 29 stack frames]]>
    </failure>
  </testcase> <!-- takeScreenshot1 -->
</testsuite> <!-- Chrome Test -->
